STL translation to Solid Edge
Date: dinsdag,januari 26,2021 06:13
Source File:C:\Users\Robin\Desktop\GIP_RM_2020-2021\GIP_RM_SolidEdge\source\LCD 2004.stl
Author: Unknown
Organization: Unknown
Source System: DEX

Hardware:
Processor: Intel(R) Core(TM) i5-4590 CPU @ 3.30GHz
Operating System: Windows 10 Professional
Installed Memory: 7,91 GB

Software Information:
Parasolid Version: 31.1.255
PSBodyshop Version: 31.1.110
Solid Edge Version: 220.00.00.104 x64

STL Import Options
Heal Mesh Faults:Off
Make Base Feature:On
Enable Logging:On

Translation progress:
Translation process completed
Time required to translate:00 : 00 : 03
